<?xml version="1.0" encoding="UTF-8"?>
<!-- Generated by org.testng.reporters.JUnitReportReporter -->
<testsuite skipped="0" hostname="LAPTOP-JHMGI01D" name="com.tests.AutomationTest" tests="1" failures="0" timestamp="28 Jul 2022 21:46:52 GMT" time="23.349" errors="0">
  <testcase name="verifyFlightDetails" time="23.349" classname="com.tests.AutomationTest"/>
</testsuite> <!-- com.tests.AutomationTest -->
